#
# A fatal error has been detected by the Java Runtime Environment:
#
#  EXCEPTION_ACCESS_VIOLATION (0xc0000005) at pc=0x00000000674cb8ba, pid=3712, tid=0x0000000000004254
#
# JRE version: Java(TM) SE Runtime Environment (8.0_221-b11) (build 1.8.0_221-b11)
# Java VM: Java HotSpot(TM) 64-Bit Server VM (25.221-b11 mixed mode windows-amd64 compressed oops)
# Problematic frame:
# V  [jvm.dll+0x3fb8ba]
#
# Failed to write core dump. Minidumps are not enabled by default on client versions of Windows
#
# If you would like to submit a bug report, please visit:
#   http://bugreport.java.com/bugreport/crash.jsp
#

---------------  T H R E A D  ---------------

Current thread (0x0000000002cb8000):  GCTaskThread [stack: 0x0000000012b70000,0x0000000012c70000] [id=16980]

siginfo: ExceptionCode=0xc0000005, reading address 0x0000000000000108

Registers:
RAX=0x0000000000000000, RBX=0x0000000000000d61, RCX=0x00000007c0008e90, RDX=0x0000000002d93450
RSP=0x0000000012c6f710, RBP=0x000000001a2254d0, RSI=0x0000000002d93450, RDI=0x0000000002caf7f0
R8 =0x00000007007a6348, R9 =0x00000007c0008e90, R10=0x000000000000000c, R11=0x0000000000000000
R12=0x0000000002cb85e0, R13=0x0000000002cb89b8, R14=0x00000000000003d8, R15=0x0000000000000000
RIP=0x00000000674cb8ba, EFLAGS=0x0000000000010206

Top of Stack: (sp=0x0000000012c6f710)
0x0000000012c6f710:   0000000002d93450 0000000002caf7f0
0x0000000012c6f720:   0000000002cb85e0 0000000002cb85e0
0x0000000012c6f730:   0000000000000000 0000000000000c00
0x0000000012c6f740:   0000000000000000 0000000000000000
0x0000000012c6f750:   0000000000000000 000000002140a800
0x0000000012c6f760:   0000000000000001 000000001e0ff401
0x0000000012c6f770:   0000808169e63f66 0000000002cb89b8
0x0000000012c6f780:   0000000002cb85e0 00000000000003d8
0x0000000012c6f790:   0000000002cb85e0 0000000002caf7f0
0x0000000012c6f7a0:   0000000002cb85d0 000000001a2254d0
0x0000000012c6f7b0:   0000000002d93450 00000000674c8923
0x0000000012c6f7c0:   00000007007a6348 0000000002ca17d0
0x0000000012c6f7d0:   0000000002ca17d0 000000006736c142
0x0000000012c6f7e0:   000000006772b070 0000000000000000
0x0000000012c6f7f0:   0000000002d93450 00000000676d2170
0x0000000012c6f800:   0000000002cba800 0000000012c6f7e0 

Instructions: (pc=0x00000000674cb8ba)
0x00000000674cb89a:   00 74 28 8b 0d c5 df 3a 00 45 8b 48 08 48 8b d6
0x00000000674cb8aa:   49 d3 e1 4c 03 0d ac df 3a 00 49 8b c9 49 8b 01
0x00000000674cb8ba:   ff 90 08 01 00 00 e9 1b ff ff ff 4d 8b 48 08 48
0x00000000674cb8ca:   8b d6 49 8b 01 49 8b c9 ff 90 08 01 00 00 e9 03 


Register to memory mapping:

RAX=0x0000000000000000 is an unknown value
RBX=0x0000000000000d61 is an unknown value
RCX=0x00000007c0008e90 is pointing into metadata
RDX=0x0000000002d93450 is an unknown value
RSP=0x0000000012c6f710 is an unknown value
RBP=0x000000001a2254d0 is an unknown value
RSI=0x0000000002d93450 is an unknown value
RDI=0x0000000002caf7f0 is an unknown value
R8 =