#
# A fatal error has been detected by the Java Runtime Environment:
#
#  EXCEPTION_ACCESS_VIOLATION (0xc0000005) at pc=0x0000000000000001, pid=8952, tid=0x00000000000029ec
#
# JRE version: Java(TM) SE Runtime Environment (8.0_221-b11) (build 1.8.0_221-b11)
# Java VM: Java HotSpot(TM) 64-Bit Server VM (25.221-b11 mixed mode windows-amd64 compressed oops)
# Problematic frame:
# C  0x0000000000000001
#
# Failed to write core dump. Minidumps are not enabled by default on client versions of Windows
#
# If you would like to submit a bug report, please visit:
#   http://bugreport.java.com/bugreport/crash.jsp
#

---------------  T H R E A D  ---------------

Current thread (0x000000001be80000):  JavaThread "C2 CompilerThread0" daemon [_thread_in_native, id=10732, stack(0x000000001ca20000,0x000000001cb20000)]

siginfo: ExceptionCode=0xc0000005, ExceptionInformation=0x0000000000000008 0x0000000000000001

Registers:
RAX=0x0000000029074818, RBX=0x0000000029074578, RCX=0x0000000029074578, RDX=0x0000000000000000
RSP=0x000000001cb1c3a8, RBP=0x000000001cb1c940, RSI=0x0000000029074578, RDI=0x00000000290747a0
R8 =0x0000000029074578, R9 =0x00000000001e3700, R10=0x00000000000071b4, R11=0x0000000000000003
R12=0x0000000028788b60, R13=0x0000000028af5508, R14=0x0000000028788ba0, R15=0x0000000000000000
RIP=0x0000000000000001, EFLAGS=0x0000000000010287

Top of Stack: (sp=0x000000001cb1c3a8)
0x000000001cb1c3a8:   000000006c6d5abd 00000000290747a0
0x000000001cb1c3b8:   0000000029074578 000000001cb1c940
0x000000001cb1c3c8:   000000006c6d539c 00000000249a31c8
0x000000001cb1c3d8:   0000000028786b40 0000000028786b00
0x000000001cb1c3e8:   000000006c28ed0a 0000000000000003
0x000000001cb1c3f8:   0000000000000003 000000001cb1c940
0x000000001cb1c408:   0000000029074578 0000000000000002
0x000000001cb1c418:   0000000028788b60 0000000028788ba0
0x000000001cb1c428:   0000000000000005 00000000249a3c58
0x000000001cb1c438:   0000000000000002 0000000028af5508
0x000000001cb1c448:   000000001cb1c560 0000000000000003
0x000000001cb1c458:   000000006c6d7095 000000001cb1c940
0x000000001cb1c468:   0000000028af5508 0000000000000003
0x000000001cb1c478:   00000000249a3c58 0000000028788ba0
0x000000001cb1c488:   0000000028788b60 0000000000000001
0x000000001cb1c498:   0000000000000002 00000000249a3c58 

Instructions: (pc=0x0000000000000001)
0xffffffffffffffe1:   


Register to memory mapping:

RAX=0x0000000029074818 is an unknown value
RBX=0x0000000029074578 is an unknown value
RCX=0x0000000029074578 is an unknown value
RDX=0x0000000000000000 is an unknown value
RSP=0x000000001cb1c3a8 is pointing into the stack for thread: 0x000000001be80000
RBP=0x000000001cb1c940 is pointing into the stack for thread: 0x000000001be80000
RSI=0x0000000029074578 is an unknown value
RDI=0x00000000290747a0 is an unknown value
R8 =0x0000000029074578 is an unknown value
R9 =0x00000000001e3700 is an unknown value
R10=0x00000000000071b4 is an unknown value
R11=0x0000000000000003 is an unknown value
R12=0x0000000028788b60 is an unknown value
R13=0x0000000028af5508 is an unknown value
R14=0x0000000028788ba0 is an unknown value
R15=0x0000000000000000 is an unknown value


Stack: [0x000000001ca20000,0x000000001cb20000],  sp=0x000000001cb1c3a8,  free space=1008k
Native frames: (J=compiled Java code, j=interpreted, Vv=VM code, C=native code)
C  0x0000000000000001


Current CompileTask:
C2:  13831 5334   !   4       com.sun.beans.TypeResolver::resolve (274 bytes)


---------------  P R O C E S S  ---------------

Java Threads: ( => current thread )
  0x0000000021efa800 JavaThread "Cache worker for Build Output Cleanup Cache (C:\Users\Kalen\Desktop\Arcana\.gradle\buildOutputCleanup)" [_thread_blocked, id=11752, stack(0x000000002d0e0000,0x000000002d1e0000)]
  0x0000000021ef9000 JavaThread "Cache worker for task history cache (C:\Users\Kalen\Desktop\Arcana\.gradle\4.9\taskHistory)" [_thread_blocked, id=224, stack(0x000000002cfe0000,0x000000002d0e0000)]
  0x0000000020554800 JavaThread "Task worker for ':' Thread 7" [_thread_blocked, id=7436, stack(0x000000002c6f0000,0x000000002c7f0000)]
  0x0000000020553000 JavaThread "Task worker for ':' Thread 6" [_thread_blocked, id=3236, stack(0x000000002c5f0000,0x000000002c6f0000)]
  0x0000000020552800 JavaThread "Task worker for ':' Thread 5" [_thread_blocked, id=11628, stack(0x000000002c4f0000,0x000000002c5f0000)]
  0x0000000020557800 JavaThread "Task worker for ':' Thread 4" [_thread_blocked, id=9468, stack(0x000000002c3f0000,0x000000002c4f0000)]
  0x0000000020554000 JavaThread "Task worker for ':' Thread 3" [_thread_in_Java, id=7420, stack(0x000000002c2f0000,0x000000002c3f0000)]
  0x0000000020557000 JavaThread "Task worker for ':' Thread 2" [_thread_blocked, id=4740, stack(0x000000002c1f0000,0x000000002c2f0000)]
  0x0000000020555800 JavaThread "Task worker for ':'" [_thread_blocked, id=11892, stack(0x000000002b870000,0x000000002b970000)]
  0x0000000020556000 JavaThread "Keep-Alive-Timer" daemon [_thread_blocked, id=5404, stack(0x000000002b770000,0x000000002b870000)]
  0x000000002054a000 JavaThread "Cache worker for file content cache (C:\Users\Kalen\Desktop\Arcana\.gradle\4.9\fileContent)" [_thread_blocked, id=6980, stack(0x000000002b570000,0x000000002b670000)]
  0x0000000020551000 JavaThread "Cache worker for file content cache (C:\Users\Kalen\.gradle\caches\4.9\fileContent)" [_thread_blocked, id=3336, stack(0x000000002b470000,0x000000002b570000)]
  0x0000000020550000 JavaThread "Memory manager" [_thread_blocked, id=11696, stack(0x000000002b370000,0x000000002b470000)]
  0x0000000020549800 JavaThread "Build operations Thread 8" [_thread_blocked, id=10600, stack(0x000000002b270000,0x000000002b370000)]
  0x000000002054f800 JavaThread "Build operations Thread 7" [_thread_blocked, id=11080, stack(0x000000002b170000,0x000000002b270000)]
  0x000000002054b000 JavaThread "Build operations Thread 6" [_thread_blocked, id=3344, stack(0x000000002b070000,0x000000002b170000)]
  0x000000002054e800 JavaThread "Build operations Thread 5" [_thread_blocked, id=11704, stack(0x000000002af70000,0x000000002b070000)]
  0x000000002054e000 JavaThread "Build operations Thread 4" [_thread_blocked, id=1872, stack(0x0000000027c70000,0x0000000027d70000)]
  0x000000002054c800 JavaThread "Build operations Thread 3" [_thread_blocked, id=11996, stack(0x0000000027b70000,0x0000000027c70000)]
  0x000000002054b800 JavaThread "Build operations Thread 2" [_thread_blocked, id=11524, stack(0x0000000027a70000,0x0000000027b70000)]
  0x000000002054d000 JavaThread "Build operations" [_thread_blocked, id=10208, stack(0x0000000027970000,0x0000000027a70000)]
  0x000000001e798800 JavaThread "Cache worker for Artifact transforms cache (C:\Users\Kalen\.gradle\caches\transforms-1)" [_thread_blocked, id=8732, stack(0x0000000027870000,0x0000000027970000)]
  0x000000001e797800 JavaThread "Cache worker for cache directory md-rule (C:\Users\Kalen\.gradle\caches\4.9\md-rule)" [_thread_blocked, id=6468, stack(0x0000000027770000,0x0000000027870000)]
  0x000000001e79d000 JavaThread "Cache worker for cache directory md-supplier (C:\Users\Kalen\.gradle\caches\4.9\md-supplier)" [_thread_blocked, id=10676, stack(0x00000000232e0000,0x00000000233e0000)]
  0x000000001e79b800 JavaThread "Cache worker for file hash cache (C:\Users\Kalen\Desktop\Arcana\.gradle\4.9\fileHashes)" [_thread_blocked, id=4332, stack(0x0000000020e40000,0x0000000020f40000)]
  0x000000001e79a000 JavaThread "File lock request listener" [_thread_in_native, id=11920, stack(0x0000000020d40000,0x0000000020e40000)]
  0x000000001e79a800 JavaThread "Cache worker for file hash cache (C:\Users\Kalen\.gradle\caches\4.9\fileHashes)" [_thread_blocked, id=10828, stack(0x0000000020c40000,0x0000000020d40000)]
  0x000000001e665000 JavaThread "Stdin handler" [_thread_blocked, id=3660, stack(0x000000001f970000,0x000000001fa70000)]
  0x000000001e644800 JavaThread "Asynchronous log dispatcher for DefaultDaemonConnection: socket connection from /127.0.0.1:65393 to /127.0.0.1:65394" [_thread_blocked, id=9496, stack(0x000000001f870000,0x000000001f970000)]
  0x000000001e638000 JavaThread "Daemon worker" [_thread_blocked, id=4508, stack(0x000000001f770000,0x000000001f870000)]
  0x000000001e634800 JavaThread "Cancel handler" [_thread_blocked, id=10540, stack(0x000000001f670000,0x000000001f770000)]
  0x000000001e555000 JavaThread "Handler for socket connection from /127.0.0.1:65393 to /127.0.0.1:65394" [_thread_in_native, id=9884, stack(0x000000001f370000,0x000000001f470000)]
  0x000000001e60d000 JavaThread "Daemon" [_thread_blocked, id=6388, stack(0x000000001f170000,0x000000001f270000)]
  0x000000001e524000 JavaThread "Daemon periodic checks" [_thread_blocked, id=11568, stack(0x000000001f070000,0x000000001f170000)]
  0x000000001e55e800 JavaThread "Incoming local TCP Connector on port 65393" [_thread_in_native, id=7532, stack(0x000000001ee30000,0x000000001ef30000)]
  0x000000001e08b000 JavaThread "Daemon health stats" [_thread_blocked, id=8044, stack(0x000000001e7f0000,0x000000001e8f0000)]
  0x000000001becd000 JavaThread "Service Thread" daemon [_thread_blocked, id=1320, stack(0x000000001ce20000,0x000000001cf20000)]
  0x000000001be86000 JavaThread "C1 CompilerThread3" daemon [_thread_blocked, id=1176, stack(0x000000001cd20000,0x000000001ce20000)]
  0x000000001be85000 JavaThread "C2 CompilerThread2" daemon [_thread_in_native, id=10440, stack(0x000000001cc20000,0x000000001cd20000)]
  0x000000001be83800 JavaThread "C2 CompilerThread1" daemon [_thread_in_native, id=8724, stack(0x000000001cb20000,0x000000001cc20000)]
=>0x000000001be80000 JavaThread "C2 CompilerThread0" daemon [_thread_in_native, id=10732, stack(0x000000001ca20000,0x000000001cb20000)]
  0x000000001be63800 JavaThread "JDWP Command Reader" daemon [_thread_in_native, id=5772, stack(0x000000001c920000,0x000000001ca20000)]
  0x000000001be5e800 JavaThread "JDWP Event Helper Thread" daemon [_thread_blocked, id=10544, stack(0x000000001c820000,0x000000001c920000)]
  0x000000001be54000 JavaThread "JDWP Transport Listener: dt_socket" daemon [_thread_blocked, id=11840, stack(0x000000001c720000,0x000000001c820000)]
  0x000000001be49800 JavaThread "Attach Listener" daemon [_thread_blocked, id=10428, stack(0x000000001c620000,0x000000001c720000)]
  0x000000001be48800 JavaThread "Signal Dispatcher" daemon [_thread_blocked, id=9996, stack(0x000000001c520000,0x000000001c620000)]
  0x000000001be41800 JavaThread "Finalizer" daemon [_thread_blocked, id=9592, stack(0x000000001c320000,0x000000001c420000)]
  0x000000001be40800 JavaThread "Reference Handler" daemon [_thread_blocked, id=10596, stack(0x000000001c220000,0x000000001c320000)]
  0x0000000002932800 JavaThread "main" [_thread_blocked, id=10748, stack(0x0000000002820000,0x0000000002920000)]

Other Threads:
  0x000000001a03a000 VMThread [stack: 0x000000001bd20000,0x000000001be20000] [id=6836]
  0x000000001bf35000 WatcherThread [stack: 0x000000001cf20000,0x000000001d020000] [id=2152]

VM state:not at safepoint (normal execution)

VM Mutex/Monitor currently owned by a thread: None

heap address: 0x0000000700000000, size: 3072 MB, Compressed Oops mode: Zero based, Oop shift amount: 3
Narrow klass base: 0x0000000000000000, Narrow klass shift: 3
Compressed class space size: 1073741824 Address: 0x00000007c0000000

Heap:
 PSYoungGen      total 151040K, used 102437K [0x0000000780000000, 0x000000078d100000, 0x00000007c0000000)
  eden space 134144K, 68% used [0x0000000780000000,0x0000000785934b88,0x0000000788300000)
  from space 16896K, 65% used [0x0000000788300000,0x0000000788dd4bc8,0x0000000789380000)
  to   space 16896K, 0% used [0x000000078c080000,0x000000078c080000,0x000000078d100000)
 ParOldGen       total 130560K, used 71691K [0x0000000700000000, 0x0000000707f80000, 0x0000000780000000)
  object space 130560K, 54% used [0x0000000700000000,0x0000000704602e70,0x0000000707f80000)
 Metaspace       used 49202K, capacity 50222K, committed 50344K, reserved 1093632K
  class space    used 6783K, capacity 7064K, committed 7088K, reserved 1048576K

Card table byte_map: [0x0000000011e00000,0x0000000012410000] byte_map_base: 0x000000000e600000

Marking Bits: (ParMarkBitMap*) 0x000000006c9e5ce0
 Begin Bits: [0x0000000013010000, 0x0000000016010000)
 End Bits:   [0x0000000016010000, 0x0000000019010000)

Polling page: 0x0000000000f40000

CodeCache: size=245760Kb used=17710Kb max_used=17710Kb free=228049Kb
 bounds [0x0000000002a40000, 0x0000000003ba0000, 0x0000000011a40000]
 total_blobs=5669 nmethods=4884 adapters=704
 compilation: enabled

Compilation events (10 events):
Event: 13.715 Thread 0x000000001be86000 5578       3       java.lang.Character::isDigit (5 bytes)
Event: 13.715 Thread 0x000000001be86000 nmethod 5578 0x0000000003b97ed0 code [0x0000000003b98060, 0x0000000003b983b8]
Event: 13.715 Thread 0x000000001be86000 5579       3       java.lang.Character::isDigit (15 bytes)
Event: 13.716 Thread 0x000000001be86000 nmethod 5579 0x0000000003b98510 code [0x0000000003b986a0, 0x0000000003b98998]
Event: 13.724 Thread 0x000000001be86000 5580       3       org.apache.commons.io.output.ByteArrayOutputStream::needNewBuffer (145 bytes)
Event: 13.726 Thread 0x000000001be86000 nmethod 5580 0x0000000003b98ad0 code [0x0000000003b98c80, 0x0000000003b993a8]
Event: 13.761 Thread 0x000000001be86000 5581       3       java.util.StringJoiner::add (11 bytes)
Event: 13.762 Thread 0x000000001be86000 nmethod 5581 0x0000000003b995d0 code [0x0000000003b99740, 0x0000000003b999f8]
Event: 13.762 Thread 0x000000001be86000 5582       3       java.util.StringJoiner::prepareBuilder (45 bytes)
Event: 13.762 Thread 0x000000001be86000 nmethod 5582 0x0000000003b99b10 code [0x0000000003b99cc0, 0x0000000003b9a318]

GC Heap History (10 events):
Event: 8.435 GC heap before
{Heap before GC invocations=9 (full 2):
 PSYoungGen      total 88064K, used 10732K [0x0000000780000000, 0x0000000789000000, 0x00000007c0000000)
  eden space 77312K, 0% used [0x0000000780000000,0x0000000780000000,0x0000000784b80000)
  from space 10752K, 99% used [0x0000000784b80000,0x00000007855fb0f0,0x0000000785600000)
  to   space 12288K, 0% used [0x0000000788400000,0x0000000788400000,0x0000000789000000)
 ParOldGen       total 79872K, used 8464K [0x0000000700000000, 0x0000000704e00000, 0x0000000780000000)
  object space 79872K, 10% used [0x0000000700000000,0x0000000700844008,0x0000000704e00000)
 Metaspace       used 34820K, capacity 35366K, committed 35496K, reserved 1079296K
  class space    used 4801K, capacity 5002K, committed 5040K, reserved 1048576K
Event: 8.508 GC heap after
Heap after GC invocations=9 (full 2):
 PSYoungGen      total 88064K, used 0K [0x0000000780000000, 0x0000000789000000, 0x00000007c0000000)
  eden space 77312K, 0% used [0x0000000780000000,0x0000000780000000,0x0000000784b80000)
  from space 10752K, 0% used [0x0000000784b80000,0x0000000784b80000,0x0000000785600000)
  to   space 12288K, 0% used [0x0000000788400000,0x0000000788400000,0x0000000789000000)
 ParOldGen       total 130560K, used 17486K [0x0000000700000000, 0x0000000707f80000, 0x0000000780000000)
  object space 130560K, 13% used [0x0000000700000000,0x00000007011139a0,0x0000000707f80000)
 Metaspace       used 34736K, capacity 35232K, committed 35496K, reserved 1079296K
  class space    used 4778K, capacity 4956K, committed 5040K, reserved 1048576K
}
Event: 9.504 GC heap before
{Heap before GC invocations=10 (full 2):
 PSYoungGen      total 88064K, used 77312K [0x0000000780000000, 0x0000000789000000, 0x00000007c0000000)
  eden space 77312K, 100% used [0x0000000780000000,0x0000000784b80000,0x0000000784b80000)
  from space 10752K, 0% used [0x0000000784b80000,0x0000000784b80000,0x0000000785600000)
  to   space 12288K, 0% used [0x0000000788400000,0x0000000788400000,0x0000000789000000)
 ParOldGen       total 130560K, used 17486K [0x0000000700000000, 0x0000000707f80000, 0x0000000780000000)
  object space 130560K, 13% used [0x0000000700000000,0x00000007011139a0,0x0000000707f80000)
 Metaspace       used 39807K, capacity 40450K, committed 40616K, reserved 1083392K
  class space    used 5564K, capacity 5750K, committed 5808K, reserved 1048576K
Event: 9.515 GC heap after
Heap after GC invocations=10 (full 2):
 PSYoungGen      total 115200K, used 5836K [0x0000000780000000, 0x0000000788a00000, 0x00000007c0000000)
  eden space 109056K, 0% used [0x0000000780000000,0x0000000780000000,0x0000000786a80000)
  from space 6144K, 94% used [0x0000000788400000,0x00000007889b3190,0x0000000788a00000)
  to   space 12288K, 0% used [0x0000000787200000,0x0000000787200000,0x0000000787e00000)
 ParOldGen       total 130560K, used 17494K [0x0000000700000000, 0x0000000707f80000, 0x0000000780000000)
  object space 130560K, 13% used [0x0000000700000000,0x00000007011159a0,0x0000000707f80000)
 Metaspace       used 39807K, capacity 40450K, committed 40616K, reserved 1083392K
  class space    used 5564K, capacity 5750K, committed 5808K, reserved 1048576K
}
Event: 11.721 GC heap before
{Heap before GC invocations=11 (full 2):
 PSYoungGen      total 115200K, used 111466K [0x0000000780000000, 0x0000000788a00000, 0x00000007c0000000)
  eden space 109056K, 96% used [0x0000000780000000,0x0000000786727928,0x0000000786a80000)
  from space 6144K, 94% used [0x0000000788400000,0x00000007889b3190,0x0000000788a00000)
  to   space 12288K, 0% used [0x0000000787200000,0x0000000787200000,0x0000000787e00000)
 ParOldGen       total 130560K, used 17494K [0x0000000700000000, 0x0000000707f80000, 0x0000000780000000)
  object space 130560K, 13% used [0x0000000700000000,0x00000007011159a0,0x0000000707f80000)
 Metaspace       used 46447K, capacity 47338K, committed 47656K, reserved 1089536K
  class space    used 6356K, capacity 6626K, committed 6704K, reserved 1048576K
Event: 11.738 GC heap after
Heap after GC invocations=11 (full 2):
 PSYoungGen      total 129024K, used 12272K [0x0000000780000000, 0x000000078a300000, 0x00000007c0000000)
  eden space 116736K, 0% used [0x0000000780000000,0x0000000780000000,0x0000000787200000)
  from space 12288K, 99% used [0x0000000787200000,0x0000000787dfc060,0x0000000787e00000)
  to   space 15872K, 0% used [0x0000000789380000,0x0000000789380000,0x000000078a300000)
 ParOldGen       total 130560K, used 23502K [0x0000000700000000, 0x0000000707f80000, 0x0000000780000000)
  object space 130560K, 18% used [0x0000000700000000,0x00000007016f38c0,0x0000000707f80000)
 Metaspace       used 46447K, capacity 47338K, committed 47656K, reserved 1089536K
  class space    used 6356K, capacity 6626K, committed 6704K, reserved 1048576K
}
Event: 12.203 GC heap before
{Heap before GC invocations=12 (full 2):
 PSYoungGen      total 129024K, used 117151K [0x0000000780000000, 0x000000078a300000, 0x00000007c0000000)
  eden space 116736K, 89% used [0x0000000780000000,0x000000078666bc40,0x0000000787200000)
  from space 12288K, 99% used [0x0000000787200000,0x0000000787dfc060,0x0000000787e00000)
  to   space 15872K, 0% used [0x0000000789380000,0x0000000789380000,0x000000078a300000)
 ParOldGen       total 130560K, used 23502K [0x0000000700000000, 0x0000000707f80000, 0x0000000780000000)
  object space 130560K, 18% used [0x0000000700000000,0x00000007016f38c0,0x0000000707f80000)
 Metaspace       used 46646K, capacity 47554K, committed 47656K, reserved 1089536K
  class space    used 6364K, capacity 6626K, committed 6704K, reserved 1048576K
Event: 12.230 GC heap after
Heap after GC invocations=12 (full 2):
 PSYoungGen      total 150016K, used 12896K [0x0000000780000000, 0x000000078bb80000, 0x00000007c0000000)
  eden space 134144K, 0% used [0x0000000780000000,0x0000000780000000,0x0000000788300000)
  from space 15872K, 81% used [0x0000000789380000,0x000000078a0180c0,0x000000078a300000)
  to   space 16896K, 0% used [0x0000000788300000,0x0000000788300000,0x0000000789380000)
 ParOldGen       total 130560K, used 68566K [0x0000000700000000, 0x0000000707f80000, 0x0000000780000000)
  object space 130560K, 52% used [0x0000000700000000,0x00000007042f5900,0x0000000707f80000)
 Metaspace       used 46646K, capacity 47554K, committed 47656K, reserved 1089536K
  class space    used 6364K, capacity 6626K, committed 6704K, reserved 1048576K
}
Event: 13.438 GC heap before
{Heap before GC invocations=13 (full 2):
 PSYoungGen      total 150016K, used 146857K [0x0000000780000000, 0x000000078bb80000, 0x00000007c0000000)
  eden space 134144K, 99% used [0x0000000780000000,0x00000007882d2548,0x0000000788300000)
  from space 15872K, 81% used [0x0000000789380000,0x000000078a0180c0,0x000000078a300000)
  to   space 16896K, 0% used [0x0000000788300000,0x0000000788300000,0x0000000789380000)
 ParOldGen       total 130560K, used 68566K [0x0000000700000000, 0x0000000707f80000, 0x0000000780000000)
  object space 130560K, 52% used [0x0000000700000000,0x00000007042f5900,0x0000000707f80000)
 Metaspace       used 49115K, capacity 50158K, committed 50344K, reserved 1093632K
  class space    used 6783K, capacity 7064K, committed 7088K, reserved 1048576K
Event: 13.455 GC heap after
Heap after GC invocations=13 (full 2):
 PSYoungGen      total 151040K, used 11090K [0x0000000780000000, 0x000000078d100000, 0x00000007c0000000)
  eden space 134144K, 0% used [0x0000000780000000,0x0000000780000000,0x0000000788300000)
  from space 16896K, 65% used [0x0000000788300000,0x0000000788dd4bc8,0x0000000789380000)
  to   space 16896K, 0% used [0x000000078c080000,0x000000078c080000,0x000000078d100000)
 ParOldGen       total 130560K, used 71691K [0x0000000700000000, 0x0000000707f80000, 0x0000000780000000)
  object space 130560K, 54% used [0x0000000700000000,0x0000000704602e70,0x0000000707f80000)
 Metaspace       used 49115K, capacity 50158K, committed 50344K, reserved 1093632K
  class space    used 6783K, capacity 7064K, committed 7088K, reserved 1048576K
}

Deoptimization events (10 events):
Event: 12.737 Thread 0x000000001e638000 Uncommon trap: reason=bimorphic action=maybe_recompile pc=0x0000000003189eb4 method=java.util.regex.Pattern$CharProperty$1.isSatisfiedBy(I)Z @ 5
Event: 12.737 Thread 0x000000001e638000 Uncommon trap: reason=bimorphic action=maybe_recompile pc=0x0000000003189eb4 method=java.util.regex.Pattern$CharProperty$1.isSatisfiedBy(I)Z @ 5
Event: 12.737 Thread 0x000000001e638000 Uncommon trap: reason=bimorphic action=maybe_recompile pc=0x0000000003189eb4 method=java.util.regex.Pattern$CharProperty$1.isSatisfiedBy(I)Z @ 5
Event: 12.737 Thread 0x000000001e638000 Uncommon trap: reason=bimorphic action=maybe_recompile pc=0x0000000003189eb4 method=java.util.regex.Pattern$CharProperty$1.isSatisfiedBy(I)Z @ 5
Event: 13.034 Thread 0x000000001e638000 Uncommon trap: reason=class_check action=maybe_recompile pc=0x0000000003178784 method=java.lang.reflect.Method.equals(Ljava/lang/Object;)Z @ 5
Event: 13.034 Thread 0x000000001e638000 Uncommon trap: reason=class_check action=maybe_recompile pc=0x0000000003178784 method=java.lang.reflect.Method.equals(Ljava/lang/Object;)Z @ 5
Event: 13.035 Thread 0x000000001e638000 Uncommon trap: reason=unstable_if action=reinterpret pc=0x0000000003802d40 method=java.util.TreeMap.put(Ljava/lang/Object;Ljava/lang/Object;)Ljava/lang/Object; @ 163
Event: 13.401 Thread 0x0000000021ef9000 Uncommon trap: reason=unstable_if action=reinterpret pc=0x0000000002c05720 method=java.util.regex.Pattern$Curly.match0(Ljava/util/regex/Matcher;IILjava/lang/CharSequence;)Z @ 5
Event: 13.401 Thread 0x0000000021ef9000 Uncommon trap: reason=unstable_if action=reinterpret pc=0x0000000003a6e69c method=com.esotericsoftware.kryo.io.Input.readUtf8(I)V @ 79
Event: 13.491 Thread 0x0000000020554000 Uncommon trap: reason=class_check action=maybe_recompile pc=0x00000000036a177c method=com.google.common.io.CountingInputStream.read([BII)I @ 7

Classes redefined (0 events):
No events

Internal exceptions (10 events):
Event: 12.876 Thread 0x000000001e638000 Exception <a 'java/lang/ClassNotFoundException': org/gradle/api/internal/DefaultPolymorphicDomainObjectContainerCustomizer> (0x0000000786702bf8) thrown at [C:\re\workspace\8-2-build-windows-amd64-cygwin\jdk8u221\13320\hotspot\src\share\vm\classfile\system
Event: 12.878 Thread 0x000000001e638000 Exception <a 'java/lang/ClassNotFoundException': org/gradle/api/publish/internal/DefaultPublicationContainerCustomizer> (0x000000078674f780) thrown at [C:\re\workspace\8-2-build-windows-amd64-cygwin\jdk8u221\13320\hotspot\src\share\vm\classfile\systemDict
Event: 12.880 Thread 0x000000001e638000 Exception <a 'java/lang/ClassNotFoundException': org/gradle/api/publish/internal/DefaultPublicationContainer_DecoratedCustomizer> (0x0000000786794e48) thrown at [C:\re\workspace\8-2-build-windows-amd64-cygwin\jdk8u221\13320\hotspot\src\share\vm\classfile\
Event: 13.003 Thread 0x000000001e638000 Exception <a 'java/lang/ClassNotFoundException': org/gradle/api/publish/maven/internal/publication/DefaultMavenPublication_DecoratedBeanInfo> (0x0000000786fe9120) thrown at [C:\re\workspace\8-2-build-windows-amd64-cygwin\jdk8u221\13320\hotspot\src\share\v
Event: 13.005 Thread 0x000000001e638000 Exception <a 'java/lang/ClassNotFoundException': org/gradle/api/publish/maven/internal/publication/DefaultMavenPublicationBeanInfo> (0x000000078701df38) thrown at [C:\re\workspace\8-2-build-windows-amd64-cygwin\jdk8u221\13320\hotspot\src\share\vm\classfil
Event: 13.007 Thread 0x000000001e638000 Exception <a 'java/lang/ClassNotFoundException': org/gradle/api/publish/maven/internal/publication/DefaultMavenPublicationCustomizer> (0x00000007870549d0) thrown at [C:\re\workspace\8-2-build-windows-amd64-cygwin\jdk8u221\13320\hotspot\src\share\vm\classf
Event: 13.013 Thread 0x000000001e638000 Exception <a 'java/lang/ClassNotFoundException': org/gradle/api/publish/maven/internal/publication/DefaultMavenPublication_DecoratedCustomizer> (0x0000000787104348) thrown at [C:\re\workspace\8-2-build-windows-amd64-cygwin\jdk8u221\13320\hotspot\src\share
Event: 13.065 Thread 0x000000001e638000 Exception <a 'java/lang/IncompatibleClassChangeError': Found class java.lang.Object, but interface was expected> (0x000000078734cb78) thrown at [C:\re\workspace\8-2-build-windows-amd64-cygwin\jdk8u221\13320\hotspot\src\share\vm\interpreter\linkResolver.cp
Event: 13.307 Thread 0x0000000020554000 Exception <a 'java/lang/NoSuchMethodError': <clinit>> (0x0000000787ed8968) thrown at [C:\re\workspace\8-2-build-windows-amd64-cygwin\jdk8u221\13320\hotspot\src\share\vm\prims\jni.cpp, line 1614]
Event: 13.309 Thread 0x0000000020554000 Exception <a 'java/lang/NoSuchMethodError': <clinit>> (0x0000000787ee3c50) thrown at [C:\re\workspace\8-2-build-windows-amd64-cygwin\jdk8u221\13320\hotspot\src\share\vm\prims\jni.cpp, line 1614]

Events (10 events):
Event: 13.492 Executing VM operation: RevokeBias
Event: 13.492 Executing VM operation: RevokeBias done
Event: 13.493 Thread 0x000000001be86000 flushing nmethod 0x00000000034f7850
Event: 13.494 Thread 0x000000001be86000 flushing nmethod 0x000000000360c910
Event: 13.506 Thread 0x0000000020554000 DEOPT PACKING pc=0x00000000039e2404 sp=0x000000002c3ebab0
Event: 13.506 Thread 0x0000000020554000 DEOPT UNPACKING pc=0x0000000002a87890 sp=0x000000002c3eb808 mode 1
Event: 13.552 Thread 0x000000002054b800 DEOPT PACKING pc=0x00000000039e2404 sp=0x0000000027b6d7c0
Event: 13.552 Thread 0x000000002054b800 DEOPT UNPACKING pc=0x0000000002a87890 sp=0x0000000027b6d518 mode 1
Event: 13.557 Executing VM operation: RevokeBias
Event: 13.558 Executing VM operation: RevokeBias done


Dynamic libraries:
0x00007ff724530000 - 0x00007ff724567000 	C:\Program Files\Java\jdk1.8.0_221\bin\java.exe
0x00007ffe54730000 - 0x00007ffe54911000 	C:\WINDOWS\SYSTEM32\ntdll.dll
0x00007ffe523b0000 - 0x00007ffe52461000 	C:\WINDOWS\System32\KERNEL32.DLL
0x00007ffe51380000 - 0x00007ffe515f3000 	C:\WINDOWS\System32\KERNELBASE.dll
0x00007ffe53c30000 - 0x00007ffe53cd1000 	C:\WINDOWS\System32\ADVAPI32.dll
0x00007ffe51bb0000 - 0x00007ffe51c4e000 	C:\WINDOWS\System32\msvcrt.dll
0x00007ffe52350000 - 0x00007ffe523ab000 	C:\WINDOWS\System32\sechost.dll
0x00007ffe521c0000 - 0x00007ffe522e4000 	C:\WINDOWS\System32\RPCRT4.dll
0x00007ffe54130000 - 0x00007ffe542c0000 	C:\WINDOWS\System32\USER32.dll
0x00007ffe51600000 - 0x00007ffe51620000 	C:\WINDOWS\System32\win32u.dll
0x00007ffe545a0000 - 0x00007ffe545c8000 	C:\WINDOWS\System32\GDI32.dll
0x00007ffe51730000 - 0x00007ffe518c1000 	C:\WINDOWS\System32\gdi32full.dll
0x00007ffe518d0000 - 0x00007ffe5196f000 	C:\WINDOWS\System32\msvcp_win.dll
0x00007ffe50af0000 - 0x00007ffe50be8000 	C:\WINDOWS\System32\ucrtbase.dll
0x00007ffe3ec80000 - 0x00007ffe3eee9000 	C:\WINDOWS\WinSxS\amd64_microsoft.windows.common-controls_6595b64144ccf1df_6.0.17134.1006_none_d3fbb8f77c940c3f\COMCTL32.dll
0x00007ffe51df0000 - 0x00007ffe52111000 	C:\WINDOWS\System32\combase.dll
0x00007ffe50bf0000 - 0x00007ffe50c69000 	C:\WINDOWS\System32\bcryptPrimitives.dll
0x00007ffe52120000 - 0x00007ffe5214d000 	C:\WINDOWS\System32\IMM32.DLL
0x000000006ca70000 - 0x000000006cb42000 	C:\Program Files\Java\jdk1.8.0_221\jre\bin\msvcr100.dll
0x000000006c1c0000 - 0x000000006ca65000 	C:\Program Files\Java\jdk1.8.0_221\jre\bin\server\jvm.dll
0x00007ffe54640000 - 0x00007ffe54648000 	C:\WINDOWS\System32\PSAPI.DLL
0x00007ffe3b480000 - 0x00007ffe3b489000 	C:\WINDOWS\SYSTEM32\WSOCK32.dll
0x00007ffe4e050000 - 0x00007ffe4e073000 	C:\WINDOWS\SYSTEM32\WINMM.dll
0x00007ffe49050000 - 0x00007ffe4905a000 	C:\WINDOWS\SYSTEM32\VERSION.dll
0x00007ffe543b0000 - 0x00007ffe5441c000 	C:\WINDOWS\System32\WS2_32.dll
0x00007ffe4db60000 - 0x00007ffe4db8a000 	C:\WINDOWS\SYSTEM32\WINMMBASE.dll
0x00007ffe51b60000 - 0x00007ffe51ba9000 	C:\WINDOWS\System32\cfgmgr32.dll
0x00007ffe3b3a0000 - 0x00007ffe3b3af000 	C:\Program Files\Java\jdk1.8.0_221\jre\bin\verify.dll
0x00007ffe2d110000 - 0x00007ffe2d139000 	C:\Program Files\Java\jdk1.8.0_221\jre\bin\java.dll
0x00007ffe2a7e0000 - 0x00007ffe2a815000 	C:\Program Files\Java\jdk1.8.0_221\jre\bin\jdwp.dll
0x00007ffe3abe0000 - 0x00007ffe3abe8000 	C:\Program Files\Java\jdk1.8.0_221\jre\bin\npt.dll
0x00007ffe36c10000 - 0x00007ffe36c26000 	C:\Program Files\Java\jdk1.8.0_221\jre\bin\zip.dll
0x00007ffe52530000 - 0x00007ffe53972000 	C:\WINDOWS\System32\SHELL32.dll
0x00007ffe54650000 - 0x00007ffe546f9000 	C:\WINDOWS\System32\shcore.dll
0x00007ffe50c70000 - 0x00007ffe5137e000 	C:\WINDOWS\System32\windows.storage.dll
0x00007ffe522f0000 - 0x00007ffe52341000 	C:\WINDOWS\System32\shlwapi.dll
0x00007ffe50a30000 - 0x00007ffe50a41000 	C:\WINDOWS\System32\kernel.appcore.dll
0x00007ffe50a80000 - 0x00007ffe50a9f000 	C:\WINDOWS\System32\profapi.dll
0x00007ffe50aa0000 - 0x00007ffe50aec000 	C:\WINDOWS\System32\powrprof.dll
0x00007ffe50a70000 - 0x00007ffe50a7a000 	C:\WINDOWS\System32\FLTLIB.DLL
0x00007ffe3a050000 - 0x00007ffe3a059000 	C:\Program Files\Java\jdk1.8.0_221\jre\bin\dt_socket.dll
0x00007ffe4ff70000 - 0x00007ffe4ffd6000 	C:\WINDOWS\system32\mswsock.dll
0x00007ffe2ecf0000 - 0x00007ffe2ed0a000 	C:\Program Files\Java\jdk1.8.0_221\jre\bin\net.dll
0x00007ffe475e0000 - 0x00007ffe477aa000 	C:\WINDOWS\SYSTEM32\urlmon.dll
0x00007ffe47960000 - 0x00007ffe47c07000 	C:\WINDOWS\SYSTEM32\iertutil.dll
0x00007ffe50120000 - 0x00007ffe5012b000 	C:\WINDOWS\SYSTEM32\CRYPTBASE.DLL
0x00007ffe2cb30000 - 0x00007ffe2cb42000 	C:\Program Files\Java\jdk1.8.0_221\jre\bin\nio.dll
0x00007ffe3ff70000 - 0x00007ffe3ff8e000 	C:\Users\Kalen\.gradle\native\25\windows-amd64\native-platform.dll
0x00007ffe39f70000 - 0x00007ffe39f7d000 	C:\Program Files\Java\jdk1.8.0_221\jre\bin\management.dll
0x00007ffe50570000 - 0x00007ffe50587000 	C:\WINDOWS\SYSTEM32\CRYPTSP.dll
0x00007ffe4fb00000 - 0x00007ffe4fb33000 	C:\WINDOWS\system32\rsaenh.dll
0x00007ffe50590000 - 0x00007ffe505b5000 	C:\WINDOWS\SYSTEM32\bcrypt.dll
0x00007ffe50930000 - 0x00007ffe50958000 	C:\WINDOWS\SYSTEM32\USERENV.dll
0x00007ffe4fca0000 - 0x00007ffe4fcd8000 	C:\WINDOWS\SYSTEM32\IPHLPAPI.DLL
0x00007ffe521b0000 - 0x00007ffe521b8000 	C:\WINDOWS\System32\NSI.dll
0x00007ffe49a90000 - 0x00007ffe49aa6000 	C:\WINDOWS\SYSTEM32\dhcpcsvc6.DLL
0x00007ffe49a70000 - 0x00007ffe49a8a000 	C:\WINDOWS\SYSTEM32\dhcpcsvc.DLL
0x00007ffe2c940000 - 0x00007ffe2c964000 	C:\Program Files\Java\jdk1.8.0_221\jre\bin\sunec.dll
0x00007ffe39ef0000 - 0x00007ffe39efb000 	C:\Program Files\Java\jdk1.8.0_221\jre\bin\sunmscapi.dll
0x00007ffe51970000 - 0x00007ffe51b52000 	C:\WINDOWS\System32\CRYPT32.dll
0x00007ffe50a50000 - 0x00007ffe50a62000 	C:\WINDOWS\System32\MSASN1.dll
0x00007ffe4fce0000 - 0x00007ffe4fd9e000 	C:\WINDOWS\SYSTEM32\DNSAPI.dll
0x00007ffe48f90000 - 0x00007ffe48f9a000 	C:\Windows\System32\rasadhlp.dll
0x00007ffe494e0000 - 0x00007ffe49552000 	C:\WINDOWS\System32\fwpuclnt.dll
0x00007ffe501d0000 - 0x00007ffe50399000 	C:\WINDOWS\SYSTEM32\dbghelp.dll

VM Arguments:
jvm_args: -agentlib:jdwp=transport=dt_socket,server=n,suspend=y,address=65387 -Xmx3G -Dfile.encoding=windows-1252 -Duser.country=US -Duser.language=en -Duser.variant 
java_command: org.gradle.launcher.daemon.bootstrap.GradleDaemon 4.9
java_class_path (initial): C:\Users\Kalen\.gradle\wrapper\dists\gradle-4.9-bin\e9cinqnqvph59rr7g70qubb4t\gradle-4.9\lib\gradle-launcher-4.9.jar
Launcher Type: SUN_STANDARD

Environment Variables:
PATH=C:\Program Files (x86)\Common Files\Oracle\Java\javapath;C:\ProgramData\Oracle\Java\javapath;C:\WINDOWS\system32;C:\WINDOWS;C:\WINDOWS\System32\Wbem;C:\WINDOWS\System32\WindowsPowerShell\v1.0\;C:\Program Files (x86)\GtkSharp\2.12\bin;C:\WINDOWS\system32;C:\WINDOWS;C:\WINDOWS\System32\Wbem;C:\WINDOWS\System32\WindowsPowerShell\v1.0\;C:\WINDOWS\System32\OpenSSH\;C:\Program Files\NVIDIA Corporation\NVIDIA NvDLISR;C:\Program Files\Git\cmd;C:\Users\Kalen\AppData\Local\Microsoft\WindowsApps;C:\Users\Kalen\AppData\Local\GitHubDesktop\bin
USERNAME=Kalen
OS=Windows_NT
PROCESSOR_IDENTIFIER=Intel64 Family 6 Model 42 Stepping 7, GenuineIntel



---------------  S Y S T E M  ---------------

OS: Windows 10.0 , 64 bit Build 17134 (10.0.17134.753)

CPU:total 8 (initial active 8) (4 cores per cpu, 2 threads per core) family 6 model 42 stepping 7, cmov, cx8, fxsr, mmx, sse, sse2, sse3, ssse3, sse4.1, sse4.2, popcnt, avx, aes, clmul, ht, tsc, tscinvbit

Memory: 4k page, physical 12559520k(6705260k free), swap 17540256k(9817236k free)

vm_info: Java HotSpot(TM) 64-Bit Server VM (25.221-b11) for windows-amd64 JRE (1.8.0_221-b11), built on Jul  4 2019 04:39:29 by "java_re" with MS VC++ 10.0 (VS2010)

time: Thu Oct 03 19:17:39 2019
timezone: Mountain Daylight Time
elapsed time: 13 seconds (0d 0h 0m 13s)

